<?xml version="1.0" encoding="UTF-8"?>
<testsuite name="SlotTest$WhenNew" tests="4" skipped="0" failures="0" errors="0" timestamp="2020-05-24T09:23:05" hostname="anuj" time="0.014">
  <properties/>
  <testcase name="testDefaultTicketAssociated()" classname="SlotTest$WhenNew" time="0.01"/>
  <testcase name="testDeafultAvailability()" classname="SlotTest$WhenNew" time="0.001"/>
  <testcase name="testDefaultCarAssociated()" classname="SlotTest$WhenNew" time="0.001"/>
  <testcase name="testDefaultSlotNumber()" classname="SlotTest$WhenNew" time="0.001"/>
  <system-out><![CDATA[]]></system-out>
  <system-err><![CDATA[]]></system-err>
</testsuite>
