<?xml version="1.0" encoding="UTF-8"?>
<testsuite name="ParkingLotTest" tests="5" skipped="0" failures="0" errors="0" timestamp="2020-05-24T09:23:05" hostname="anuj" time="0.027">
  <properties/>
  <testcase name="testBookSlotSuccess()" classname="ParkingLotTest" time="0.017"/>
  <testcase name="testClearSlot()" classname="ParkingLotTest" time="0.001"/>
  <testcase name="testClearSlotWhenSlotIsAlreadyEmptyButSlotIsAValidSlotNumber()" classname="ParkingLotTest" time="0.003"/>
  <testcase name="testNoSlotsLeft()" classname="ParkingLotTest" time="0.001"/>
  <testcase name="testClearSlotWhenSlotIsNotAValidSlotNumber()" classname="ParkingLotTest" time="0.001"/>
  <system-out><![CDATA[Created a parking lot with 6 slots
Allocated slot number: 1
Created a parking lot with 6 slots
Created a parking lot with 1 slots
Allocated slot number: 1
Slot number 1 is free
Created a parking lot with 6 slots
Created a parking lot with 10 slots
Created a parking lot with 6 slots
Created a parking lot with 0 slots
Sorry, parking lot is full
Created a parking lot with 6 slots
]]></system-out>
  <system-err><![CDATA[]]></system-err>
</testsuite>
