<?xml version="1.0" encoding="UTF-8"?>
<testsuite name="RunTest" tests="2" skipped="0" failures="0" errors="0" timestamp="2020-05-24T09:23:05" hostname="anuj" time="0.006">
  <properties/>
  <testcase name="fileModeFailure()" classname="RunTest" time="0.004"/>
  <testcase name="createParkingLotFailure()" classname="RunTest" time="0.001"/>
  <system-out><![CDATA[Invalid file path!
]]></system-out>
  <system-err><![CDATA[]]></system-err>
</testsuite>
