<?xml version="1.0" encoding="UTF-8"?>
<testsuite name="TicketTest" tests="2" skipped="0" failures="0" errors="0" timestamp="2020-05-24T09:23:05" hostname="anuj" time="0.004">
  <properties/>
  <testcase name="testTicketNumber()" classname="TicketTest" time="0.002"/>
  <testcase name="testCarAssociated()" classname="TicketTest" time="0.001"/>
  <system-out><![CDATA[]]></system-out>
  <system-err><![CDATA[]]></system-err>
</testsuite>
