<?xml version="1.0" encoding="UTF-8"?>
<testsuite name="CarTest$WhenNew$After" tests="2" skipped="0" failures="0" errors="0" timestamp="2020-05-26T10:56:44" hostname="penguin" time="0.002">
  <properties/>
  <testcase name="testFreeSlot()" classname="CarTest$WhenNew$After" time="0.001"/>
  <testcase name="testSetSlot()" classname="CarTest$WhenNew$After" time="0.0"/>
  <system-out><![CDATA[]]></system-out>
  <system-err><![CDATA[]]></system-err>
</testsuite>
