<?xml version="1.0" encoding="UTF-8"?>
<testsuite name="ParseInputTest" tests="1" skipped="0" failures="0" errors="0" timestamp="2020-05-26T10:56:44" hostname="penguin" time="0.002">
  <properties/>
  <testcase name="createParkingLotFailure()" classname="ParseInputTest" time="0.002"/>
  <system-out><![CDATA[]]></system-out>
  <system-err><![CDATA[]]></system-err>
</testsuite>
