<?xml version="1.0" encoding="UTF-8"?>
<testsuite name="CarTest$WhenNew" tests="3" skipped="0" failures="0" errors="0" timestamp="2020-05-26T10:56:44" hostname="penguin" time="0.014">
  <properties/>
  <testcase name="testGetColor()" classname="CarTest$WhenNew" time="0.01"/>
  <testcase name="testGetRegNumber()" classname="CarTest$WhenNew" time="0.001"/>
  <testcase name="testDefaultSlotIsNull()" classname="CarTest$WhenNew" time="0.001"/>
  <system-out><![CDATA[]]></system-out>
  <system-err><![CDATA[]]></system-err>
</testsuite>
