<?xml version="1.0" encoding="UTF-8"?>
<testsuite name="TicketTest" tests="2" skipped="0" failures="0" errors="0" timestamp="2020-05-26T10:56:44" hostname="penguin" time="0.003">
  <properties/>
  <testcase name="testTicketNumber()" classname="TicketTest" time="0.001"/>
  <testcase name="testCarAssociated()" classname="TicketTest" time="0.001"/>
  <system-out><![CDATA[]]></system-out>
  <system-err><![CDATA[]]></system-err>
</testsuite>
